生成启动时间为 2016/5/9 12:14:26。
     1>项目“E:\教学\计算机系统结构\课件\实验\thread\ConsoleApplication1\ConsoleApplication1\ConsoleApplication1.vcxproj”在节点 2 上(Build 个目标)。
     1>ClCompile:
         D:\dev\vs2013\VC\bin\CL.exe /c /ZI /nologo /W3 /WX- /sdl /Od /Oy- /D WIN32 /D _DEBUG /D _CONSOLE /D _LIB /D _UNICODE /D UNICODE /Gm /EHsc /RTC1 /MDd /GS /fp:precise /Zc:wchar_t /Zc:forScope /Fo"Debug\\" /Fd"Debug\vc120.pdb" /Gd /TP /analyze- /errorReport:prompt main.cpp
         main.cpp
     1>e:\教学\计算机系统结构\课件\实验\thread\consoleapplication1\consoleapplication1\main.cpp(27): error C4700: 使用了未初始化的局部变量“sum”
     1>e:\教学\计算机系统结构\课件\实验\thread\consoleapplication1\consoleapplication1\main.cpp(32): error C4700: 使用了未初始化的局部变量“sum”
     1>已完成生成项目“E:\教学\计算机系统结构\课件\实验\thread\ConsoleApplication1\ConsoleApplication1\ConsoleApplication1.vcxproj”(Build 个目标)的操作 - 失败。

生成失败。

已用时间 00:00:02.55
